<?xml version="1.0" encoding="UTF-8"?>
<testsuite xmlns:xsi="http://www.w3.org/2001/XMLSchema-instance" xsi:noNamespaceSchemaLocation="https://maven.apache.org/surefire/maven-surefire-plugin/xsd/surefire-test-report.xsd" name="CourierLoginTest" time="73.903" tests="5" errors="0" skipped="0" failures="2">
  <properties>
[...]
</properties>
  <testcase name="testCourierLoginNoPassword" classname="CourierLoginTest" time="70.207">
    <failure message="1 expectation failed.&#10;Expected status code &lt;400&gt; but was &lt;504&gt;.&#10;" type="java.lang.AssertionError"><![CDATA[java.lang.AssertionError: 
1 expectation failed.
Expected status code <400> but was <504>.

	at CourierLoginTest.testCourierLoginNoPassword(CourierLoginTest.java:70)
]]></failure>
    <system-out><![CDATA[Request method:	POST
Request URI:	https://qa-scooter.praktikum-services.ru/api/v1/courier/login
Proxy:			<none>
Request params:	<none>
Query params:	<none>
Form params:	<none>
Path params:	<none>
Headers:		Accept=*/*
				Content-Type=application/json
Cookies:		<none>
Multiparts:		<none>
Body:
{
    "login": "kham_test"
}
Request method:	POST
Request URI:	https://qa-scooter.praktikum-services.ru/api/v1/courier/login
Proxy:			<none>
Request params:	<none>
Query params:	<none>
Form params:	<none>
Path params:	<none>
Headers:		Accept=*/*
				Content-Type=application/json
Cookies:		<none>
Multiparts:		<none>
Body:
{
    "login": "kham_test"
}
HTTP/1.1 504 Gateway time out
Content-Length: 19
Set-Cookie: _yasc=Gmigt3jT6Hm9f6FPkjHBj/JzIZWfiMNd8xmBtMN1U38CDLa2OCW21oSuj9HbmjuB; domain=.praktikum-services.ru; path=/; expires=Fri, 05 May 2034 17:34:20 GMT; secure
X-Request-Id: 1715103260186793-10429137390880735323

Service unavailable
]]></system-out>
  </testcase>
  <testcase name="testCourierWrongPassword" classname="CourierLoginTest" time="2.01"/>
  <testcase name="testCourierLoginNoLogin" classname="CourierLoginTest" time="0.22">
    <failure message="1 expectation failed.&#10;Expected status code &lt;404&gt; but was &lt;200&gt;.&#10;" type="java.lang.AssertionError"><![CDATA[java.lang.AssertionError: 
1 expectation failed.
Expected status code <404> but was <200>.

	at CourierLoginTest.testCourierLoginNoLogin(CourierLoginTest.java:59)
]]></failure>
    <system-out><![CDATA[Request method:	POST
Request URI:	https://qa-scooter.praktikum-services.ru/api/v1/courier/login
Proxy:			<none>
Request params:	<none>
Query params:	<none>
Form params:	<none>
Path params:	<none>
Headers:		Accept=*/*
				Content-Type=application/json
Cookies:		<none>
Multiparts:		<none>
Body:
{
    "login": "test_kham1",
    "password": "1234"
}
Request method:	POST
Request URI:	https://qa-scooter.praktikum-services.ru/api/v1/courier/login
Proxy:			<none>
Request params:	<none>
Query params:	<none>
Form params:	<none>
Path params:	<none>
Headers:		Accept=*/*
				Content-Type=application/json
Cookies:		<none>
Multiparts:		<none>
Body:
{
    "login": "test_kham1",
    "password": "1234"
}
HTTP/1.1 200 OK
Access-Control-Allow-Origin: *
Content-Length: 13
Content-Type: application/json; charset=utf-8
Date: Tue, 07 May 2024 17:35:23 GMT
ETag: W/"d-d4CSkHU8ZnFcnwRFJSiUZ5dD2yk"
Set-Cookie: _yasc=Et32eZLtha2l92vJNr3WTFviRz8O8FBWidS0SMIGAu/UOTIabb6LPipuOQO9BiG/Rg==; domain=.praktikum-services.ru; path=/; expires=Fri, 05 May 2034 17:35:23 GMT; secure
X-Powered-By: Express
X-Request-Id: 1715103323293035-10477301532105724461

{
    "id": 296465
}
]]></system-out>
  </testcase>
  <testcase name="testCourierLoginAccountNotFound" classname="CourierLoginTest" time="0.291"/>
  <testcase name="testCourierLoginSuccess" classname="CourierLoginTest" time="0.478"/>
</testsuite>